[debug] [2020-12-16T12:59:54.001Z] ----------------------------------------------------------------------
[debug] [2020-12-16T12:59:54.009Z] Command:       C:\Program Files\nodejs\node.exe C:\Users\HP\AppData\Roaming\npm\node_modules\firebase-tools\lib\bin\firebase.js deploy
[debug] [2020-12-16T12:59:54.011Z] CLI Version:   8.19.0
[debug] [2020-12-16T12:59:54.011Z] Platform:      win32
[debug] [2020-12-16T12:59:54.012Z] Node Version:  v14.15.1
[debug] [2020-12-16T12:59:54.015Z] Time:          Wed Dec 16 2020 12:59:54 GMT+0000 (heure moyenne de Greenwich)
[debug] [2020-12-16T12:59:54.016Z] ----------------------------------------------------------------------
[debug] [2020-12-16T12:59:54.017Z] 
[debug] [2020-12-16T12:59:54.049Z] > command requires scopes: ["email","openid","https://www.googleapis.com/auth/cloudplatformprojects.readonly","https://www.googleapis.com/auth/firebase","https://www.googleapis.com/auth/cloud-platform"]
[debug] [2020-12-16T12:59:54.052Z] > authorizing via signed-in user
[debug] [2020-12-16T12:59:54.053Z] [iam] checking project ams-stefy for permissions ["firebase.projects.get","firebasehosting.sites.update"]
[debug] [2020-12-16T12:59:54.065Z] >>> HTTP REQUEST POST https://cloudresourcemanager.googleapis.com/v1/projects/ams-stefy:testIamPermissions  
 {"permissions":["firebase.projects.get","firebasehosting.sites.update"]}
[debug] [2020-12-16T13:00:32.334Z] [iam] error while checking permissions, command may fail: FirebaseError: Server Error. read ECONNRESET
[debug] [2020-12-16T13:00:32.339Z] >>> HTTP REQUEST GET https://firebase.googleapis.com/v1beta1/projects/ams-stefy  
 
[debug] [2020-12-16T13:01:10.518Z] Server Error. read ECONNRESET
[debug] [2020-12-16T13:01:54.070Z] FirebaseError: Server Error. read ECONNRESET
    at Request._callback (C:\Users\HP\AppData\Roaming\npm\node_modules\firebase-tools\lib\api.js:32:31)
    at self.callback (C:\Users\HP\AppData\Roaming\npm\node_modules\firebase-tools\node_modules\request\request.js:185:22)
    at Request.emit (events.js:315:20)
    at Request.EventEmitter.emit (domain.js:486:12)
    at Request.onRequestError (C:\Users\HP\AppData\Roaming\npm\node_modules\firebase-tools\node_modules\request\request.js:877:8)
    at ClientRequest.emit (events.js:327:22)
    at ClientRequest.EventEmitter.emit (domain.js:486:12)
    at TLSSocket.socketErrorListener (_http_client.js:469:9)
    at TLSSocket.emit (events.js:315:20)
    at TLSSocket.EventEmitter.emit (domain.js:486:12)
    at emitErrorNT (internal/streams/destroy.js:106:8)
    at emitErrorCloseNT (internal/streams/destroy.js:74:3)
    at processTicksAndRejections (internal/process/task_queues.js:80:21)
[error] 
[error] Error: Failed to get Firebase project ams-stefy. Please make sure the project exists and your account has permission to access it.
[debug] [2020-12-16T13:02:29.231Z] ----------------------------------------------------------------------
[debug] [2020-12-16T13:02:29.240Z] Command:       C:\Program Files\nodejs\node.exe C:\Users\HP\AppData\Roaming\npm\node_modules\firebase-tools\lib\bin\firebase.js deploy
[debug] [2020-12-16T13:02:29.241Z] CLI Version:   8.19.0
[debug] [2020-12-16T13:02:29.242Z] Platform:      win32
[debug] [2020-12-16T13:02:29.242Z] Node Version:  v14.15.1
[debug] [2020-12-16T13:02:29.246Z] Time:          Wed Dec 16 2020 13:02:29 GMT+0000 (heure moyenne de Greenwich)
[debug] [2020-12-16T13:02:29.247Z] ----------------------------------------------------------------------
[debug] [2020-12-16T13:02:29.248Z] 
[debug] [2020-12-16T13:02:29.301Z] > command requires scopes: ["email","openid","https://www.googleapis.com/auth/cloudplatformprojects.readonly","https://www.googleapis.com/auth/firebase","https://www.googleapis.com/auth/cloud-platform"]
[debug] [2020-12-16T13:02:29.340Z] > authorizing via signed-in user
[debug] [2020-12-16T13:02:29.342Z] [iam] checking project ams-stefy for permissions ["firebase.projects.get","firebasehosting.sites.update"]
[debug] [2020-12-16T13:02:29.389Z] >>> HTTP REQUEST POST https://cloudresourcemanager.googleapis.com/v1/projects/ams-stefy:testIamPermissions  
 {"permissions":["firebase.projects.get","firebasehosting.sites.update"]}
[debug] [2020-12-16T13:03:09.314Z] [iam] error while checking permissions, command may fail: FirebaseError: Server Error. read ECONNRESET
[debug] [2020-12-16T13:03:09.319Z] >>> HTTP REQUEST GET https://firebase.googleapis.com/v1beta1/projects/ams-stefy  
 
[debug] [2020-12-16T13:04:09.729Z] Server Error. ESOCKETTIMEDOUT
[debug] [2020-12-16T13:04:34.152Z] FirebaseError: Server Error. ESOCKETTIMEDOUT
    at Request._callback (C:\Users\HP\AppData\Roaming\npm\node_modules\firebase-tools\lib\api.js:32:31)
    at self.callback (C:\Users\HP\AppData\Roaming\npm\node_modules\firebase-tools\node_modules\request\request.js:185:22)
    at Request.emit (events.js:315:20)
    at Request.EventEmitter.emit (domain.js:486:12)
    at ClientRequest.<anonymous> (C:\Users\HP\AppData\Roaming\npm\node_modules\firebase-tools\node_modules\request\request.js:819:16)
    at Object.onceWrapper (events.js:421:28)
    at ClientRequest.emit (events.js:315:20)
    at ClientRequest.EventEmitter.emit (domain.js:486:12)
    at TLSSocket.emitRequestTimeout (_http_client.js:784:9)
    at Object.onceWrapper (events.js:421:28)
    at TLSSocket.emit (events.js:327:22)
    at TLSSocket.EventEmitter.emit (domain.js:486:12)
    at TLSSocket.Socket._onTimeout (net.js:483:8)
    at listOnTimeout (internal/timers.js:554:17)
    at processTimers (internal/timers.js:497:7)
[error] 
[error] Error: Failed to get Firebase project ams-stefy. Please make sure the project exists and your account has permission to access it.
